0 info it worked if it ends with ok
1 verbose cli [ 'node', '/usr/local/bin/npm', 'publish' ]
2 info using npm@1.3.21
3 info using node@v0.10.24
4 verbose publish [ '.' ]
5 verbose cache add [ '.', null ]
6 verbose cache add name=undefined spec="." args=[".",null]
7 verbose parsed url { protocol: null,
7 verbose parsed url   slashes: null,
7 verbose parsed url   auth: null,
7 verbose parsed url   host: null,
7 verbose parsed url   port: null,
7 verbose parsed url   hostname: null,
7 verbose parsed url   hash: null,
7 verbose parsed url   search: null,
7 verbose parsed url   query: null,
7 verbose parsed url   pathname: '.',
7 verbose parsed url   path: '.',
7 verbose parsed url   href: '.' }
8 silly lockFile 3a52ce78- .
9 verbose lock . /Users/chad/.npm/3a52ce78-.lock
10 verbose tar pack [ '/var/folders/ls/hfthr1h544ggp_dx9lckf43r0000gn/T/npm-95319-bkosnKHB/1420591339257-0.5612856799270958/tmp.tgz',
10 verbose tar pack   '.' ]
11 verbose tarball /var/folders/ls/hfthr1h544ggp_dx9lckf43r0000gn/T/npm-95319-bkosnKHB/1420591339257-0.5612856799270958/tmp.tgz
12 verbose folder .
13 info prepublish unzip-wrapper@0.0.1
14 silly lockFile 1f1177db-tar tar://.
15 verbose lock tar://. /Users/chad/.npm/1f1177db-tar.lock
16 silly lockFile 7951c988-39257-0-5612856799270958-tmp-tgz tar:///var/folders/ls/hfthr1h544ggp_dx9lckf43r0000gn/T/npm-95319-bkosnKHB/1420591339257-0.5612856799270958/tmp.tgz
17 verbose lock tar:///var/folders/ls/hfthr1h544ggp_dx9lckf43r0000gn/T/npm-95319-bkosnKHB/1420591339257-0.5612856799270958/tmp.tgz /Users/chad/.npm/7951c988-39257-0-5612856799270958-tmp-tgz.lock
18 silly lockFile 1f1177db-tar tar://.
19 silly lockFile 1f1177db-tar tar://.
20 silly lockFile 7951c988-39257-0-5612856799270958-tmp-tgz tar:///var/folders/ls/hfthr1h544ggp_dx9lckf43r0000gn/T/npm-95319-bkosnKHB/1420591339257-0.5612856799270958/tmp.tgz
21 silly lockFile 7951c988-39257-0-5612856799270958-tmp-tgz tar:///var/folders/ls/hfthr1h544ggp_dx9lckf43r0000gn/T/npm-95319-bkosnKHB/1420591339257-0.5612856799270958/tmp.tgz
22 verbose tar unpack /var/folders/ls/hfthr1h544ggp_dx9lckf43r0000gn/T/npm-95319-bkosnKHB/1420591339257-0.5612856799270958/tmp.tgz
23 silly lockFile 839b741a-39257-0-5612856799270958-package tar:///var/folders/ls/hfthr1h544ggp_dx9lckf43r0000gn/T/npm-95319-bkosnKHB/1420591339257-0.5612856799270958/package
24 verbose lock tar:///var/folders/ls/hfthr1h544ggp_dx9lckf43r0000gn/T/npm-95319-bkosnKHB/1420591339257-0.5612856799270958/package /Users/chad/.npm/839b741a-39257-0-5612856799270958-package.lock
25 silly lockFile 7951c988-39257-0-5612856799270958-tmp-tgz tar:///var/folders/ls/hfthr1h544ggp_dx9lckf43r0000gn/T/npm-95319-bkosnKHB/1420591339257-0.5612856799270958/tmp.tgz
26 verbose lock tar:///var/folders/ls/hfthr1h544ggp_dx9lckf43r0000gn/T/npm-95319-bkosnKHB/1420591339257-0.5612856799270958/tmp.tgz /Users/chad/.npm/7951c988-39257-0-5612856799270958-tmp-tgz.lock
27 silly gunzTarPerm modes [ '755', '644' ]
28 silly gunzTarPerm extractEntry package.json
29 silly gunzTarPerm extractEntry .npmignore
30 silly gunzTarPerm extractEntry README.md
31 silly gunzTarPerm extractEntry LICENSE
32 silly gunzTarPerm extractEntry index.js
33 silly gunzTarPerm modified mode [ 'index.js', 436, 420 ]
34 silly lockFile 839b741a-39257-0-5612856799270958-package tar:///var/folders/ls/hfthr1h544ggp_dx9lckf43r0000gn/T/npm-95319-bkosnKHB/1420591339257-0.5612856799270958/package
35 silly lockFile 839b741a-39257-0-5612856799270958-package tar:///var/folders/ls/hfthr1h544ggp_dx9lckf43r0000gn/T/npm-95319-bkosnKHB/1420591339257-0.5612856799270958/package
36 silly lockFile 7951c988-39257-0-5612856799270958-tmp-tgz tar:///var/folders/ls/hfthr1h544ggp_dx9lckf43r0000gn/T/npm-95319-bkosnKHB/1420591339257-0.5612856799270958/tmp.tgz
37 silly lockFile 7951c988-39257-0-5612856799270958-tmp-tgz tar:///var/folders/ls/hfthr1h544ggp_dx9lckf43r0000gn/T/npm-95319-bkosnKHB/1420591339257-0.5612856799270958/tmp.tgz
38 verbose tar pack [ '/Users/chad/.npm/unzip-wrapper/0.0.1/package.tgz',
38 verbose tar pack   '/var/folders/ls/hfthr1h544ggp_dx9lckf43r0000gn/T/npm-95319-bkosnKHB/1420591339257-0.5612856799270958/package' ]
39 verbose tarball /Users/chad/.npm/unzip-wrapper/0.0.1/package.tgz
40 verbose folder /var/folders/ls/hfthr1h544ggp_dx9lckf43r0000gn/T/npm-95319-bkosnKHB/1420591339257-0.5612856799270958/package
41 silly lockFile 839b741a-39257-0-5612856799270958-package tar:///var/folders/ls/hfthr1h544ggp_dx9lckf43r0000gn/T/npm-95319-bkosnKHB/1420591339257-0.5612856799270958/package
42 verbose lock tar:///var/folders/ls/hfthr1h544ggp_dx9lckf43r0000gn/T/npm-95319-bkosnKHB/1420591339257-0.5612856799270958/package /Users/chad/.npm/839b741a-39257-0-5612856799270958-package.lock
43 silly lockFile 6591ddd4--unzip-wrapper-0-0-1-package-tgz tar:///Users/chad/.npm/unzip-wrapper/0.0.1/package.tgz
44 verbose lock tar:///Users/chad/.npm/unzip-wrapper/0.0.1/package.tgz /Users/chad/.npm/6591ddd4--unzip-wrapper-0-0-1-package-tgz.lock
45 silly lockFile 839b741a-39257-0-5612856799270958-package tar:///var/folders/ls/hfthr1h544ggp_dx9lckf43r0000gn/T/npm-95319-bkosnKHB/1420591339257-0.5612856799270958/package
46 silly lockFile 839b741a-39257-0-5612856799270958-package tar:///var/folders/ls/hfthr1h544ggp_dx9lckf43r0000gn/T/npm-95319-bkosnKHB/1420591339257-0.5612856799270958/package
47 silly lockFile 6591ddd4--unzip-wrapper-0-0-1-package-tgz tar:///Users/chad/.npm/unzip-wrapper/0.0.1/package.tgz
48 silly lockFile 6591ddd4--unzip-wrapper-0-0-1-package-tgz tar:///Users/chad/.npm/unzip-wrapper/0.0.1/package.tgz
49 silly lockFile 1cc9483d--npm-unzip-wrapper-0-0-1-package /Users/chad/.npm/unzip-wrapper/0.0.1/package
50 verbose lock /Users/chad/.npm/unzip-wrapper/0.0.1/package /Users/chad/.npm/1cc9483d--npm-unzip-wrapper-0-0-1-package.lock
51 silly lockFile 1cc9483d--npm-unzip-wrapper-0-0-1-package /Users/chad/.npm/unzip-wrapper/0.0.1/package
52 silly lockFile 1cc9483d--npm-unzip-wrapper-0-0-1-package /Users/chad/.npm/unzip-wrapper/0.0.1/package
53 verbose tar unpack /Users/chad/.npm/unzip-wrapper/0.0.1/package.tgz
54 silly lockFile 979fd596--npm-unzip-wrapper-0-0-1-package tar:///Users/chad/.npm/unzip-wrapper/0.0.1/package
55 verbose lock tar:///Users/chad/.npm/unzip-wrapper/0.0.1/package /Users/chad/.npm/979fd596--npm-unzip-wrapper-0-0-1-package.lock
56 silly lockFile 6591ddd4--unzip-wrapper-0-0-1-package-tgz tar:///Users/chad/.npm/unzip-wrapper/0.0.1/package.tgz
57 verbose lock tar:///Users/chad/.npm/unzip-wrapper/0.0.1/package.tgz /Users/chad/.npm/6591ddd4--unzip-wrapper-0-0-1-package-tgz.lock
58 silly gunzTarPerm modes [ '755', '644' ]
59 silly gunzTarPerm extractEntry package.json
60 silly gunzTarPerm extractEntry .npmignore
61 silly gunzTarPerm extractEntry README.md
62 silly gunzTarPerm extractEntry LICENSE
63 silly gunzTarPerm extractEntry index.js
64 silly lockFile 979fd596--npm-unzip-wrapper-0-0-1-package tar:///Users/chad/.npm/unzip-wrapper/0.0.1/package
65 silly lockFile 979fd596--npm-unzip-wrapper-0-0-1-package tar:///Users/chad/.npm/unzip-wrapper/0.0.1/package
66 silly lockFile 6591ddd4--unzip-wrapper-0-0-1-package-tgz tar:///Users/chad/.npm/unzip-wrapper/0.0.1/package.tgz
67 silly lockFile 6591ddd4--unzip-wrapper-0-0-1-package-tgz tar:///Users/chad/.npm/unzip-wrapper/0.0.1/package.tgz
68 verbose chmod /Users/chad/.npm/unzip-wrapper/0.0.1/package.tgz 644
69 verbose chown /Users/chad/.npm/unzip-wrapper/0.0.1/package.tgz [ 501, 20 ]
70 silly lockFile 3a52ce78- .
71 silly lockFile 3a52ce78- .
72 silly publish { name: 'unzip-wrapper',
72 silly publish   version: '0.0.1',
72 silly publish   description: 'Wrapper for native unzip UNIX binary',
72 silly publish   main: 'index.js',
72 silly publish   repository:
72 silly publish    { type: 'git',
72 silly publish      url: 'git://github.com/chaddjohnson/unzip-wrapper.git' },
72 silly publish   keywords:
72 silly publish    [ 'unzip',
72 silly publish      'zip',
72 silly publish      'uncompress',
72 silly publish      'decompress',
72 silly publish      'archive',
72 silly publish      'extract',
72 silly publish      'repair' ],
72 silly publish   author: { name: 'Chad Johnson' },
72 silly publish   license: 'MIT',
72 silly publish   bugs: { url: 'https://github.com/chaddjohnson/unzip-wrapper/issues' },
72 silly publish   homepage: 'https://github.com/chaddjohnson/unzip-wrapper',
72 silly publish   dependencies: { async: '~0.9.0' },
72 silly publish   readme: 'unzip-wrapper\n=============\nThis package wraps the native \'unzip\' UNIX binary on *NIX machines.\n\n### Example usage:\n\n```\nvar unzip = require(\'unzip-wrapper\');\nunzip(\'/path/to/file.zip\');\n```\n\nYou can also pass options:\n\n```\nunzip(\'/path/to/file.zip\', {fix: true});\n```\n\nThe following options are available:\n\n* fix (true/false) -- whether to check for and attempt to fix any errors with the archive.\n',
72 silly publish   readmeFilename: 'README.md',
72 silly publish   _id: 'unzip-wrapper@0.0.1',
72 silly publish   dist: { shasum: 'a8a56769d6a1408067a2403e043de7eee8c8b318' },
72 silly publish   _from: '.' }
73 verbose url raw unzip-wrapper
74 verbose url resolving [ 'https://registry.npmjs.org/', './unzip-wrapper' ]
75 verbose url resolved https://registry.npmjs.org/unzip-wrapper
76 info trying registry request attempt 1 at 18:42:19
77 http PUT https://registry.npmjs.org/unzip-wrapper
78 http 403 https://registry.npmjs.org/unzip-wrapper
79 info trying registry request attempt 1 at 18:42:20
80 http PUT https://registry.npmjs.org/unzip-wrapper
81 http 403 https://registry.npmjs.org/unzip-wrapper
82 error publish Failed PUT 403
83 error Error: forbidden cannot modify pre-existing version: 0.0.1
83 error old={"name":"unzip-wrapper","version":"0.0.1","description":"UNIX-only wrapper for unzip bin which tests for and repairs errors on zip files if found prior to extraction.","main":"index.js","repository":{"type":"git","url":"git://github.com/chaddjohnson/unzip-wrapper.git"},"keywords":["unzip","zip","uncompress","decompress","archive","extract","repair"],"author":{"name":"Chad Johnson"},"license":"MIT","bugs":{"url":"https://github.com/chaddjohnson/unzip-wrapper/issues"},"homepage":"https://github.com/chaddjohnson/unzip-wrapper","dependencies":{"async":"~0.9.0"},"_id":"unzip-wrapper@0.0.1","dist":{"shasum":"d5cb2efa04c973086ea8b6881d3076e95e6f52cc","tarball":"http://registry.npmjs.org/unzip-wrapper/-/unzip-wrapper-0.0.1.tgz"},"_from":".","_npmVersion":"1.3.21","_npmUser":{"name":"chaddjohnson","email":"chad.d.johnson@gmail.com"},"maintainers":[{"name":"chaddjohnson","email":"chad.d.johnson@gmail.com"}]}
83 error new={"name":"unzip-wrapper","version":"0.0.1","description":"Wrapper for native unzip UNIX binary","main":"index.js","repository":{"type":"git","url":"git://github.com/chaddjohnson/unzip-wrapper.git"},"keywords":["unzip","zip","uncompress","decompress","archive","extract","repair"],"author":{"name":"Chad Johnson"},"license":"MIT","bugs":{"url":"https://github.com/chaddjohnson/unzip-wrapper/issues"},"homepage":"https://github.com/chaddjohnson/unzip-wrapper","dependencies":{"async":"~0.9.0"},"readme":"unzip-wrapper\u000a=============\u000aThis package wraps the native 'unzip' UNIX binary on *NIX machines.\u000a\u000a### Example usage:\u000a\u000a```\u000avar unzip = require('unzip-wrapper');\u000aunzip('/path/to/file.zip');\u000a```\u000a\u000aYou can also pass options:\u000a\u000a```\u000aunzip('/path/to/file.zip', {fix: true});\u000a```\u000a\u000aThe following options are available:\u000a\u000a* fix (true/false) -- whether to check for and attempt to fix any errors with the archive.\u000a","readmeFilename":"README.md","_id":"unzip-wrapper@0.0.1","dist":{"shasum":"a8a56769d6a1408067a2403e043de7eee8c8b318","tarball":"http://registry.npmjs.org/unzip-wrapper/-/unzip-wrapper-0.0.1.tgz"},"_from":".","_npmVersion":"1.3.21","_npmUser":{"name":"chaddjohnson","email":"chad.d.johnson@gmail.com"},"maintainers":[{"name":"chaddjohnson","email":"chad.d.johnson@gmail.com"}]}: unzip-wrapper
83 error     at RegClient.<anonymous> (/usr/local/lib/node_modules/npm/node_modules/npm-registry-client/lib/request.js:275:14)
83 error     at Request.self.callback (/usr/local/lib/node_modules/npm/node_modules/request/request.js:123:22)
83 error     at Request.EventEmitter.emit (events.js:98:17)
83 error     at Request.<anonymous> (/usr/local/lib/node_modules/npm/node_modules/request/request.js:893:14)
83 error     at Request.EventEmitter.emit (events.js:117:20)
83 error     at IncomingMessage.<anonymous> (/usr/local/lib/node_modules/npm/node_modules/request/request.js:844:12)
83 error     at IncomingMessage.EventEmitter.emit (events.js:117:20)
83 error     at _stream_readable.js:920:16
83 error     at process._tickCallback (node.js:415:13)
84 error If you need help, you may report this *entire* log,
84 error including the npm and node versions, at:
84 error     <http://github.com/isaacs/npm/issues>
85 error System Darwin 14.0.0
86 error command "node" "/usr/local/bin/npm" "publish"
87 error cwd /Users/chad/development/web/unzip-wrapper
88 error node -v v0.10.24
89 error npm -v 1.3.21
90 verbose exit [ 1, true ]
